# JRE version: Java(TM) SE Runtime Environment (8.0_51-b16) (build 1.8.0_51-b16)
# Java VM: Java HotSpot(TM) 64-Bit Server VM (25.51-b03 mixed mode linux-amd64 compressed oops)
Heap:
 PSYoungGen      total 1439744K, used 1203488K [0x0000000743000000, 0x00000007c0000000, 0x00000007c0000000)
  eden space 825344K, 100% used [0x0000000743000000,0x0000000775600000,0x0000000775600000)
  from space 614400K, 61% used [0x000000079a800000,0x00000007b1948030,0x00000007c0000000)
  to   space 608256K, 51% used [0x0000000775600000,0x000000078895c070,0x000000079a800000)
 ParOldGen       total 4096000K, used 3614470K [0x0000000649000000, 0x0000000743000000, 0x0000000743000000)
  object space 4096000K, 88% used [0x0000000649000000,0x00000007259c1838,0x0000000743000000)
 Metaspace       used 4995K, capacity 5395K, committed 5632K, reserved 1056768K
  class space    used 441K, capacity 466K, committed 512K, reserved 1048576K
GC Heap History (10 events):
Event: 517.797 GC heap after
Heap after GC invocations=183 (full 11):
 PSYoungGen      total 1521664K, used 298048K [0x0000000743000000, 0x00000007c0000000, 0x00000007c0000000)
  eden space 979456K, 0% used [0x0000000743000000,0x0000000743000000,0x000000077ec80000)
  from space 542208K, 54% used [0x000000079ee80000,0x00000007b1190040,0x00000007c0000000)
  to   space 526336K, 0% used [0x000000077ec80000,0x000000077ec80000,0x000000079ee80000)
 ParOldGen       total 4096000K, used 3322254K [0x0000000649000000, 0x0000000743000000, 0x0000000743000000)
  object space 4096000K, 81% used [0x0000000649000000,0x0000000713c63828,0x0000000743000000)
 Metaspace       used 4995K, capacity 5395K, committed 5632K, reserved 1056768K
  class space    used 441K, capacity 466K, committed 512K, reserved 1048576K
}
Event: 520.008 GC heap before
{Heap before GC invocations=184 (full 11):
 PSYoungGen      total 1521664K, used 1277504K [0x0000000743000000, 0x00000007c0000000, 0x00000007c0000000)
  eden space 979456K, 100% used [0x0000000743000000,0x000000077ec80000,0x000000077ec80000)
  from space 542208K, 54% used [0x000000079ee80000,0x00000007b1190040,0x00000007c0000000)
  to   space 526336K, 0% used [0x000000077ec80000,0x000000077ec80000,0x000000079ee80000)
 ParOldGen       total 4096000K, used 3322254K [0x0000000649000000, 0x0000000743000000, 0x0000000743000000)
  object space 4096000K, 81% used [0x0000000649000000,0x0000000713c63828,0x0000000743000000)
 Metaspace       used 4995K, capacity 5395K, committed 5632K, reserved 1056768K
  class space    used 441K, capacity 466K, committed 512K, reserved 1048576K
Event: 520.337 GC heap after
Heap after GC invocations=184 (full 11):
 PSYoungGen      total 1505792K, used 359856K [0x0000000743000000, 0x00000007c0000000, 0x00000007c0000000)
  eden space 979456K, 0% used [0x0000000743000000,0x0000000743000000,0x000000077ec80000)
  from space 526336K, 68% used [0x000000077ec80000,0x0000000794bec080,0x000000079ee80000)
  to   space 534016K, 0% used [0x000000079f680000,0x000000079f680000,0x00000007c0000000)
 ParOldGen       total 4096000K, used 3322254K [0x0000000649000000, 0x0000000743000000, 0x0000000743000000)
  object space 4096000K, 81% used [0x0000000649000000,0x0000000713c63828,0x0000000743000000)
 Metaspace       used 4995K, capacity 5395K, committed 5632K, reserved 1056768K
  class space    used 441K, capacity 466K, committed 512K, reserved 1048576K
}
Event: 523.075 GC heap before
{Heap before GC invocations=185 (full 11):
 PSYoungGen      total 1505792K, used 1339312K [0x0000000743000000, 0x00000007c0000000, 0x00000007c0000000)
  eden space 979456K, 100% used [0x0000000743000000,0x000000077ec80000,0x000000077ec80000)
  from space 526336K, 68% used [0x000000077ec80000,0x0000000794bec080,0x000000079ee80000)
  to   space 534016K, 0% used [0x000000079f680000,0x000000079f680000,0x00000007c0000000)
 ParOldGen       total 4096000K, used 3322254K [0x0000000649000000, 0x0000000743000000, 0x0000000743000000)
  object space 4096000K, 81% used [0x0000000649000000,0x0000000713c63828,0x0000000743000000)
 Metaspace       used 4995K, capacity 5395K, committed 5632K, reserved 1056768K
  class space    used 441K, capacity 466K, committed 512K, reserved 1048576K
Event: 523.476 GC heap after
Heap after GC invocations=185 (full 11):
 PSYoungGen      total 1442304K, used 443872K [0x0000000743000000, 0x00000007c0000000, 0x00000007c0000000)
  eden space 908288K, 0% used [0x0000000743000000,0x0000000743000000,0x000000077a700000)
  from space 534016K, 83% used [0x000000079f680000,0x00000007ba7f8070,0x00000007c0000000)
  to   space 569856K, 0% used [0x000000077a700000,0x000000077a700000,0x000000079d380000)
 ParOldGen       total 4096000K, used 3322254K [0x0000000649000000, 0x0000000743000000, 0x0000000743000000)
  object space 4096000K, 81% used [0x0000000649000000,0x0000000713c63828,0x0000000743000000)
 Metaspace       used 4995K, capacity 5395K, committed 5632K, reserved 1056768K
  class space    used 441K, capacity 466K, committed 512K, reserved 1048576K
}
Event: 525.326 GC heap before
{Heap before GC invocations=186 (full 11):
 PSYoungGen      total 1442304K, used 1352160K [0x0000000743000000, 0x00000007c0000000, 0x00000007c0000000)
  eden space 908288K, 100% used [0x0000000743000000,0x000000077a700000,0x000000077a700000)
  from space 534016K, 83% used [0x000000079f680000,0x00000007ba7f8070,0x00000007c0000000)
  to   space 569856K, 0% used [0x000000077a700000,0x000000077a700000,0x000000079d380000)
 ParOldGen       total 4096000K, used 3322254K [0x0000000649000000, 0x0000000743000000, 0x0000000743000000)
  object space 4096000K, 81% used [0x0000000649000000,0x0000000713c63828,0x0000000743000000)
 Metaspace       used 4995K, capacity 5395K, committed 5632K, reserved 1056768K
  class space    used 441K, capacity 466K, committed 512K, reserved 1048576K
Event: 525.806 GC heap after
Heap after GC invocations=186 (full 11):
 PSYoungGen      total 1397760K, used 489120K [0x0000000743000000, 0x00000007c0000000, 0x00000007c0000000)
  eden space 908288K, 0% used [0x0000000743000000,0x0000000743000000,0x000000077a700000)
  from space 489472K, 99% used [0x000000077a700000,0x00000007984a8060,0x0000000798500000)
  to   space 614400K, 0% used [0x000000079a800000,0x000000079a800000,0x00000007c0000000)
 ParOldGen       total 4096000K, used 3353934K [0x0000000649000000, 0x0000000743000000, 0x0000000743000000)
  object space 4096000K, 81% used [0x0000000649000000,0x0000000715b53838,0x0000000743000000)
 Metaspace       used 4995K, capacity 5395K, committed 5632K, reserved 1056768K
  class space    used 441K, capacity 466K, committed 512K, reserved 1048576K
}
Event: 528.613 GC heap before
{Heap before GC invocations=187 (full 11):
 PSYoungGen      total 1397760K, used 1397408K [0x0000000743000000, 0x00000007c0000000, 0x00000007c0000000)
  eden space 908288K, 100% used [0x0000000743000000,0x000000077a700000,0x000000077a700000)
  from space 489472K, 99% used [0x000000077a700000,0x00000007984a8060,0x0000000798500000)
  to   space 614400K, 0% used [0x000000079a800000,0x000000079a800000,0x00000007c0000000)
 ParOldGen       total 4096000K, used 3353934K [0x0000000649000000, 0x0000000743000000, 0x0000000743000000)
  object space 4096000K, 81% used [0x0000000649000000,0x0000000715b53838,0x0000000743000000)
 Metaspace       used 4995K, capacity 5395K, committed 5632K, reserved 1056768K
  class space    used 441K, capacity 466K, committed 512K, reserved 1048576K
Event: 529.129 GC heap after
Heap after GC invocations=187 (full 11):
 PSYoungGen      total 1439744K, used 378144K [0x0000000743000000, 0x00000007c0000000, 0x00000007c0000000)
  eden space 825344K, 0% used [0x0000000743000000,0x0000000743000000,0x0000000775600000)
  from space 614400K, 61% used [0x000000079a800000,0x00000007b1948030,0x00000007c0000000)
  to   space 608256K, 0% used [0x0000000775600000,0x0000000775600000,0x000000079a800000)
 ParOldGen       total 4096000K, used 3500454K [0x0000000649000000, 0x0000000743000000, 0x0000000743000000)
  object space 4096000K, 85% used [0x0000000649000000,0x000000071ea69838,0x0000000743000000)
 Metaspace       used 4995K, capacity 5395K, committed 5632K, reserved 1056768K
  class space    used 441K, capacity 466K, committed 512K, reserved 1048576K
}
Event: 530.926 GC heap before
{Heap before GC invocations=188 (full 11):
 PSYoungGen      total 1439744K, used 1203488K [0x0000000743000000, 0x00000007c0000000, 0x00000007c0000000)
  eden space 825344K, 100% used [0x0000000743000000,0x0000000775600000,0x0000000775600000)
  from space 614400K, 61% used [0x000000079a800000,0x00000007b1948030,0x00000007c0000000)
  to   space 608256K, 0% used [0x0000000775600000,0x0000000775600000,0x000000079a800000)
 ParOldGen       total 4096000K, used 3500454K [0x0000000649000000, 0x0000000743000000, 0x0000000743000000)
  object space 4096000K, 85% used [0x0000000649000000,0x000000071ea69838,0x0000000743000000)
 Metaspace       used 4995K, capacity 5395K, committed 5632K, reserved 1056768K
  class space    used 441K, capacity 466K, committed 512K, reserved 1048576K

