# JRE version: Java(TM) SE Runtime Environment (7.0_80-b15) (build 1.7.0_80-b15)
# Java VM: Java HotSpot(TM) 64-Bit Server VM (24.80-b11 mixed mode linux-amd64 compressed oops)
Heap
 PSYoungGen      total 450560K, used 225280K [0x00000007d6c00000, 0x0000000800000000, 0x0000000800000000)
  eden space 225280K, 100% used [0x00000007d6c00000,0x00000007e4800000,0x00000007e4800000)
  from space 225280K, 0% used [0x00000007e4800000,0x00000007e4800000,0x00000007f2400000)
  to   space 225280K, 0% used [0x00000007f2400000,0x00000007f2400000,0x0000000800000000)
 ParOldGen       total 1351680K, used 1351615K [0x0000000784400000, 0x00000007d6c00000, 0x00000007d6c00000)
  object space 1351680K, 99% used [0x0000000784400000,0x00000007d6befc18,0x00000007d6c00000)
 PSPermGen       total 21504K, used 3933K [0x000000077f200000, 0x0000000780700000, 0x0000000784400000)
  object space 21504K, 18% used [0x000000077f200000,0x000000077f5d7508,0x0000000780700000)
GC Heap History (10 events):
Event: 452.552 GC heap after
Heap after GC invocations=368 (full 99):
 PSYoungGen      total 450560K, used 0K [0x00000007d6c00000, 0x0000000800000000, 0x0000000800000000)
  eden space 225280K, 0% used [0x00000007d6c00000,0x00000007d6c00000,0x00000007e4800000)
  from space 225280K, 0% used [0x00000007e4800000,0x00000007e4800000,0x00000007f2400000)
  to   space 225280K, 0% used [0x00000007f2400000,0x00000007f2400000,0x0000000800000000)
 ParOldGen       total 1351680K, used 1304000K [0x0000000784400000, 0x00000007d6c00000, 0x00000007d6c00000)
  object space 1351680K, 96% used [0x0000000784400000,0x00000007d3d70130,0x00000007d6c00000)
 PSPermGen       total 21504K, used 3933K [0x000000077f200000, 0x0000000780700000, 0x0000000784400000)
  object space 21504K, 18% used [0x000000077f200000,0x000000077f5d7508,0x0000000780700000)
}
Event: 453.165 GC heap before
{Heap before GC invocations=369 (full 100):
 PSYoungGen      total 450560K, used 225280K [0x00000007d6c00000, 0x0000000800000000, 0x0000000800000000)
  eden space 225280K, 100% used [0x00000007d6c00000,0x00000007e4800000,0x00000007e4800000)
  from space 225280K, 0% used [0x00000007e4800000,0x00000007e4800000,0x00000007f2400000)
  to   space 225280K, 0% used [0x00000007f2400000,0x00000007f2400000,0x0000000800000000)
 ParOldGen       total 1351680K, used 1304000K [0x0000000784400000, 0x00000007d6c00000, 0x00000007d6c00000)
  object space 1351680K, 96% used [0x0000000784400000,0x00000007d3d70130,0x00000007d6c00000)
 PSPermGen       total 21504K, used 3933K [0x000000077f200000, 0x0000000780700000, 0x0000000784400000)
  object space 21504K, 18% used [0x000000077f200000,0x000000077f5d7508,0x0000000780700000)
Event: 455.925 GC heap after
Heap after GC invocations=369 (full 100):
 PSYoungGen      total 450560K, used 0K [0x00000007d6c00000, 0x0000000800000000, 0x0000000800000000)
  eden space 225280K, 0% used [0x00000007d6c00000,0x00000007d6c00000,0x00000007e4800000)
  from space 225280K, 0% used [0x00000007e4800000,0x00000007e4800000,0x00000007f2400000)
  to   space 225280K, 0% used [0x00000007f2400000,0x00000007f2400000,0x0000000800000000)
 ParOldGen       total 1351680K, used 1341644K [0x0000000784400000, 0x00000007d6c00000, 0x00000007d6c00000)
  object space 1351680K, 99% used [0x0000000784400000,0x00000007d6233380,0x00000007d6c00000)
 PSPermGen       total 21504K, used 3933K [0x000000077f200000, 0x0000000780700000, 0x0000000784400000)
  object space 21504K, 18% used [0x000000077f200000,0x000000077f5d7508,0x0000000780700000)
}
Event: 456.567 GC heap before
{Heap before GC invocations=370 (full 101):
 PSYoungGen      total 450560K, used 225280K [0x00000007d6c00000, 0x0000000800000000, 0x0000000800000000)
  eden space 225280K, 100% used [0x00000007d6c00000,0x00000007e4800000,0x00000007e4800000)
  from space 225280K, 0% used [0x00000007e4800000,0x00000007e4800000,0x00000007f2400000)
  to   space 225280K, 0% used [0x00000007f2400000,0x00000007f2400000,0x0000000800000000)
 ParOldGen       total 1351680K, used 1341644K [0x0000000784400000, 0x00000007d6c00000, 0x00000007d6c00000)
  object space 1351680K, 99% used [0x0000000784400000,0x00000007d6233380,0x00000007d6c00000)
 PSPermGen       total 21504K, used 3933K [0x000000077f200000, 0x0000000780700000, 0x0000000784400000)
  object space 21504K, 18% used [0x000000077f200000,0x000000077f5d7508,0x0000000780700000)
Event: 458.376 GC heap after
Heap after GC invocations=370 (full 101):
 PSYoungGen      total 450560K, used 27496K [0x00000007d6c00000, 0x0000000800000000, 0x0000000800000000)
  eden space 225280K, 12% used [0x00000007d6c00000,0x00000007d86da0b8,0x00000007e4800000)
  from space 225280K, 0% used [0x00000007e4800000,0x00000007e4800000,0x00000007f2400000)
  to   space 225280K, 0% used [0x00000007f2400000,0x00000007f2400000,0x0000000800000000)
 ParOldGen       total 1351680K, used 1351622K [0x0000000784400000, 0x00000007d6c00000, 0x00000007d6c00000)
  object space 1351680K, 99% used [0x0000000784400000,0x00000007d6bf18f8,0x00000007d6c00000)
 PSPermGen       total 21504K, used 3933K [0x000000077f200000, 0x0000000780700000, 0x0000000784400000)
  object space 21504K, 18% used [0x000000077f200000,0x000000077f5d7508,0x0000000780700000)
}
Event: 458.921 GC heap before
{Heap before GC invocations=371 (full 102):
 PSYoungGen      total 450560K, used 225280K [0x00000007d6c00000, 0x0000000800000000, 0x0000000800000000)
  eden space 225280K, 100% used [0x00000007d6c00000,0x00000007e4800000,0x00000007e4800000)
  from space 225280K, 0% used [0x00000007e4800000,0x00000007e4800000,0x00000007f2400000)
  to   space 225280K, 0% used [0x00000007f2400000,0x00000007f2400000,0x0000000800000000)
 ParOldGen       total 1351680K, used 1351622K [0x0000000784400000, 0x00000007d6c00000, 0x00000007d6c00000)
  object space 1351680K, 99% used [0x0000000784400000,0x00000007d6bf18f8,0x00000007d6c00000)
 PSPermGen       total 21504K, used 3933K [0x000000077f200000, 0x0000000780700000, 0x0000000784400000)
  object space 21504K, 18% used [0x000000077f200000,0x000000077f5d7508,0x0000000780700000)
Event: 460.784 GC heap after
Heap after GC invocations=371 (full 102):
 PSYoungGen      total 450560K, used 60124K [0x00000007d6c00000, 0x0000000800000000, 0x0000000800000000)
  eden space 225280K, 26% used [0x00000007d6c00000,0x00000007da6b7088,0x00000007e4800000)
  from space 225280K, 0% used [0x00000007e4800000,0x00000007e4800000,0x00000007f2400000)
  to   space 225280K, 0% used [0x00000007f2400000,0x00000007f2400000,0x0000000800000000)
 ParOldGen       total 1351680K, used 1351623K [0x0000000784400000, 0x00000007d6c00000, 0x00000007d6c00000)
  object space 1351680K, 99% used [0x0000000784400000,0x00000007d6bf1c28,0x00000007d6c00000)
 PSPermGen       total 21504K, used 3933K [0x000000077f200000, 0x0000000780700000, 0x0000000784400000)
  object space 21504K, 18% used [0x000000077f200000,0x000000077f5d7508,0x0000000780700000)
}
Event: 461.199 GC heap before
{Heap before GC invocations=372 (full 103):
 PSYoungGen      total 450560K, used 225280K [0x00000007d6c00000, 0x0000000800000000, 0x0000000800000000)
  eden space 225280K, 100% used [0x00000007d6c00000,0x00000007e4800000,0x00000007e4800000)
  from space 225280K, 0% used [0x00000007e4800000,0x00000007e4800000,0x00000007f2400000)
  to   space 225280K, 0% used [0x00000007f2400000,0x00000007f2400000,0x0000000800000000)
 ParOldGen       total 1351680K, used 1351623K [0x0000000784400000, 0x00000007d6c00000, 0x00000007d6c00000)
  object space 1351680K, 99% used [0x0000000784400000,0x00000007d6bf1c28,0x00000007d6c00000)
 PSPermGen       total 21504K, used 3933K [0x000000077f200000, 0x0000000780700000, 0x0000000784400000)
  object space 21504K, 18% used [0x000000077f200000,0x000000077f5d7508,0x0000000780700000)
Event: 463.088 GC heap after
Heap after GC invocations=372 (full 103):
 PSYoungGen      total 450560K, used 87685K [0x00000007d6c00000, 0x0000000800000000, 0x0000000800000000)
  eden space 225280K, 38% used [0x00000007d6c00000,0x00000007dc1a17a0,0x00000007e4800000)
  from space 225280K, 0% used [0x00000007e4800000,0x00000007e4800000,0x00000007f2400000)
  to   space 225280K, 0% used [0x00000007f2400000,0x00000007f2400000,0x0000000800000000)
 ParOldGen       total 1351680K, used 1351615K [0x0000000784400000, 0x00000007d6c00000, 0x00000007d6c00000)
  object space 1351680K, 99% used [0x0000000784400000,0x00000007d6befc18,0x00000007d6c00000)
 PSPermGen       total 21504K, used 3933K [0x000000077f200000, 0x0000000780700000, 0x0000000784400000)
  object space 21504K, 18% used [0x000000077f200000,0x000000077f5d7508,0x0000000780700000)
}
Event: 463.573 GC heap before
{Heap before GC invocations=373 (full 104):
 PSYoungGen      total 450560K, used 225280K [0x00000007d6c00000, 0x0000000800000000, 0x0000000800000000)
  eden space 225280K, 100% used [0x00000007d6c00000,0x00000007e4800000,0x00000007e4800000)
  from space 225280K, 0% used [0x00000007e4800000,0x00000007e4800000,0x00000007f2400000)
  to   space 225280K, 0% used [0x00000007f2400000,0x00000007f2400000,0x0000000800000000)
 ParOldGen       total 1351680K, used 1351615K [0x0000000784400000, 0x00000007d6c00000, 0x00000007d6c00000)
  object space 1351680K, 99% used [0x0000000784400000,0x00000007d6befc18,0x00000007d6c00000)
 PSPermGen       total 21504K, used 3933K [0x000000077f200000, 0x0000000780700000, 0x0000000784400000)
  object space 21504K, 18% used [0x000000077f200000,0x000000077f5d7508,0x0000000780700000)

