# JRE version: Java(TM) SE Runtime Environment (7.0_80-b15) (build 1.7.0_80-b15)
# Java VM: Java HotSpot(TM) 64-Bit Server VM (24.80-b11 mixed mode linux-amd64 compressed oops)
Heap
 PSYoungGen      total 450560K, used 225280K [0x00000007d6c00000, 0x0000000800000000, 0x0000000800000000)
  eden space 225280K, 100% used [0x00000007d6c00000,0x00000007e4800000,0x00000007e4800000)
  from space 225280K, 0% used [0x00000007e4800000,0x00000007e4800000,0x00000007f2400000)
  to   space 225280K, 0% used [0x00000007f2400000,0x00000007f2400000,0x0000000800000000)
 ParOldGen       total 1351680K, used 1344599K [0x0000000784400000, 0x00000007d6c00000, 0x00000007d6c00000)
  object space 1351680K, 99% used [0x0000000784400000,0x00000007d6515e28,0x00000007d6c00000)
 PSPermGen       total 21504K, used 3927K [0x000000077f200000, 0x0000000780700000, 0x0000000784400000)
  object space 21504K, 18% used [0x000000077f200000,0x000000077f5d5e60,0x0000000780700000)
GC Heap History (10 events):
Event: 594.279 GC heap after
Heap after GC invocations=460 (full 135):
 PSYoungGen      total 450560K, used 154832K [0x00000007d6c00000, 0x0000000800000000, 0x0000000800000000)
  eden space 225280K, 0% used [0x00000007d6c00000,0x00000007d6c00000,0x00000007e4800000)
  from space 225280K, 68% used [0x00000007e4800000,0x00000007edf34040,0x00000007f2400000)
  to   space 225280K, 0% used [0x00000007f2400000,0x00000007f2400000,0x0000000800000000)
 ParOldGen       total 1351680K, used 1082873K [0x0000000784400000, 0x00000007d6c00000, 0x00000007d6c00000)
  object space 1351680K, 80% used [0x0000000784400000,0x00000007c657e468,0x00000007d6c00000)
 PSPermGen       total 21504K, used 3927K [0x000000077f200000, 0x0000000780700000, 0x0000000784400000)
  object space 21504K, 18% used [0x000000077f200000,0x000000077f5d5e60,0x0000000780700000)
}
Event: 594.971 GC heap before
{Heap before GC invocations=461 (full 135):
 PSYoungGen      total 450560K, used 380112K [0x00000007d6c00000, 0x0000000800000000, 0x0000000800000000)
  eden space 225280K, 100% used [0x00000007d6c00000,0x00000007e4800000,0x00000007e4800000)
  from space 225280K, 68% used [0x00000007e4800000,0x00000007edf34040,0x00000007f2400000)
  to   space 225280K, 0% used [0x00000007f2400000,0x00000007f2400000,0x0000000800000000)
 ParOldGen       total 1351680K, used 1082873K [0x0000000784400000, 0x00000007d6c00000, 0x00000007d6c00000)
  object space 1351680K, 80% used [0x0000000784400000,0x00000007c657e468,0x00000007d6c00000)
 PSPermGen       total 21504K, used 3927K [0x000000077f200000, 0x0000000780700000, 0x0000000784400000)
  object space 21504K, 18% used [0x000000077f200000,0x000000077f5d5e60,0x0000000780700000)
Event: 595.225 GC heap after
Heap after GC invocations=461 (full 135):
 PSYoungGen      total 450560K, used 115808K [0x00000007d6c00000, 0x0000000800000000, 0x0000000800000000)
  eden space 225280K, 0% used [0x00000007d6c00000,0x00000007d6c00000,0x00000007e4800000)
  from space 225280K, 51% used [0x00000007f2400000,0x00000007f9518020,0x0000000800000000)
  to   space 225280K, 0% used [0x00000007e4800000,0x00000007e4800000,0x00000007f2400000)
 ParOldGen       total 1351680K, used 1161585K [0x0000000784400000, 0x00000007d6c00000, 0x00000007d6c00000)
  object space 1351680K, 85% used [0x0000000784400000,0x00000007cb25c488,0x00000007d6c00000)
 PSPermGen       total 21504K, used 3927K [0x000000077f200000, 0x0000000780700000, 0x0000000784400000)
  object space 21504K, 18% used [0x000000077f200000,0x000000077f5d5e60,0x0000000780700000)
}
Event: 595.873 GC heap before
{Heap before GC invocations=462 (full 135):
 PSYoungGen      total 450560K, used 341088K [0x00000007d6c00000, 0x0000000800000000, 0x0000000800000000)
  eden space 225280K, 100% used [0x00000007d6c00000,0x00000007e4800000,0x00000007e4800000)
  from space 225280K, 51% used [0x00000007f2400000,0x00000007f9518020,0x0000000800000000)
  to   space 225280K, 0% used [0x00000007e4800000,0x00000007e4800000,0x00000007f2400000)
 ParOldGen       total 1351680K, used 1161585K [0x0000000784400000, 0x00000007d6c00000, 0x00000007d6c00000)
  object space 1351680K, 85% used [0x0000000784400000,0x00000007cb25c488,0x00000007d6c00000)
 PSPermGen       total 21504K, used 3927K [0x000000077f200000, 0x0000000780700000, 0x0000000784400000)
  object space 21504K, 18% used [0x000000077f200000,0x000000077f5d5e60,0x0000000780700000)
Event: 596.088 GC heap after
Heap after GC invocations=462 (full 135):
 PSYoungGen      total 450560K, used 75808K [0x00000007d6c00000, 0x0000000800000000, 0x0000000800000000)
  eden space 225280K, 0% used [0x00000007d6c00000,0x00000007d6c00000,0x00000007e4800000)
  from space 225280K, 33% used [0x00000007e4800000,0x00000007e9208010,0x00000007f2400000)
  to   space 225280K, 0% used [0x00000007f2400000,0x00000007f2400000,0x0000000800000000)
 ParOldGen       total 1351680K, used 1241441K [0x0000000784400000, 0x00000007d6c00000, 0x00000007d6c00000)
  object space 1351680K, 91% used [0x0000000784400000,0x00000007d00584a8,0x00000007d6c00000)
 PSPermGen       total 21504K, used 3927K [0x000000077f200000, 0x0000000780700000, 0x0000000784400000)
  object space 21504K, 18% used [0x000000077f200000,0x000000077f5d5e60,0x0000000780700000)
}
Event: 596.088 GC heap before
{Heap before GC invocations=463 (full 136):
 PSYoungGen      total 450560K, used 75808K [0x00000007d6c00000, 0x0000000800000000, 0x0000000800000000)
  eden space 225280K, 0% used [0x00000007d6c00000,0x00000007d6c00000,0x00000007e4800000)
  from space 225280K, 33% used [0x00000007e4800000,0x00000007e9208010,0x00000007f2400000)
  to   space 225280K, 0% used [0x00000007f2400000,0x00000007f2400000,0x0000000800000000)
 ParOldGen       total 1351680K, used 1241441K [0x0000000784400000, 0x00000007d6c00000, 0x00000007d6c00000)
  object space 1351680K, 91% used [0x0000000784400000,0x00000007d00584a8,0x00000007d6c00000)
 PSPermGen       total 21504K, used 3927K [0x000000077f200000, 0x0000000780700000, 0x0000000784400000)
  object space 21504K, 18% used [0x000000077f200000,0x000000077f5d5e60,0x0000000780700000)
Event: 598.800 GC heap after
Heap after GC invocations=463 (full 136):
 PSYoungGen      total 450560K, used 0K [0x00000007d6c00000, 0x0000000800000000, 0x0000000800000000)
  eden space 225280K, 0% used [0x00000007d6c00000,0x00000007d6c00000,0x00000007e4800000)
  from space 225280K, 0% used [0x00000007e4800000,0x00000007e4800000,0x00000007f2400000)
  to   space 225280K, 0% used [0x00000007f2400000,0x00000007f2400000,0x0000000800000000)
 ParOldGen       total 1351680K, used 1307177K [0x0000000784400000, 0x00000007d6c00000, 0x00000007d6c00000)
  object space 1351680K, 96% used [0x0000000784400000,0x00000007d408a498,0x00000007d6c00000)
 PSPermGen       total 21504K, used 3927K [0x000000077f200000, 0x0000000780700000, 0x0000000784400000)
  object space 21504K, 18% used [0x000000077f200000,0x000000077f5d5e60,0x0000000780700000)
}
Event: 599.368 GC heap before
{Heap before GC invocations=464 (full 137):
 PSYoungGen      total 450560K, used 225280K [0x00000007d6c00000, 0x0000000800000000, 0x0000000800000000)
  eden space 225280K, 100% used [0x00000007d6c00000,0x00000007e4800000,0x00000007e4800000)
  from space 225280K, 0% used [0x00000007e4800000,0x00000007e4800000,0x00000007f2400000)
  to   space 225280K, 0% used [0x00000007f2400000,0x00000007f2400000,0x0000000800000000)
 ParOldGen       total 1351680K, used 1307177K [0x0000000784400000, 0x00000007d6c00000, 0x00000007d6c00000)
  object space 1351680K, 96% used [0x0000000784400000,0x00000007d408a498,0x00000007d6c00000)
 PSPermGen       total 21504K, used 3927K [0x000000077f200000, 0x0000000780700000, 0x0000000784400000)
  object space 21504K, 18% used [0x000000077f200000,0x000000077f5d5e60,0x0000000780700000)
Event: 603.243 GC heap after
Heap after GC invocations=464 (full 137):
 PSYoungGen      total 450560K, used 0K [0x00000007d6c00000, 0x0000000800000000, 0x0000000800000000)
  eden space 225280K, 0% used [0x00000007d6c00000,0x00000007d6c00000,0x00000007e4800000)
  from space 225280K, 0% used [0x00000007e4800000,0x00000007e4800000,0x00000007f2400000)
  to   space 225280K, 0% used [0x00000007f2400000,0x00000007f2400000,0x0000000800000000)
 ParOldGen       total 1351680K, used 1344599K [0x0000000784400000, 0x00000007d6c00000, 0x00000007d6c00000)
  object space 1351680K, 99% used [0x0000000784400000,0x00000007d6515e28,0x00000007d6c00000)
 PSPermGen       total 21504K, used 3927K [0x000000077f200000, 0x0000000780700000, 0x0000000784400000)
  object space 21504K, 18% used [0x000000077f200000,0x000000077f5d5e60,0x0000000780700000)
}
Event: 603.820 GC heap before
{Heap before GC invocations=465 (full 138):
 PSYoungGen      total 450560K, used 225280K [0x00000007d6c00000, 0x0000000800000000, 0x0000000800000000)
  eden space 225280K, 100% used [0x00000007d6c00000,0x00000007e4800000,0x00000007e4800000)
  from space 225280K, 0% used [0x00000007e4800000,0x00000007e4800000,0x00000007f2400000)
  to   space 225280K, 0% used [0x00000007f2400000,0x00000007f2400000,0x0000000800000000)
 ParOldGen       total 1351680K, used 1344599K [0x0000000784400000, 0x00000007d6c00000, 0x00000007d6c00000)
  object space 1351680K, 99% used [0x0000000784400000,0x00000007d6515e28,0x00000007d6c00000)
 PSPermGen       total 21504K, used 3927K [0x000000077f200000, 0x0000000780700000, 0x0000000784400000)
  object space 21504K, 18% used [0x000000077f200000,0x000000077f5d5e60,0x0000000780700000)

