# JRE version: Java(TM) SE Runtime Environment (7.0_80-b15) (build 1.7.0_80-b15)
# Java VM: Java HotSpot(TM) 64-Bit Server VM (24.80-b11 mixed mode linux-amd64 compressed oops)
Heap
 PSYoungGen      total 450560K, used 76160K [0x00000007d6c00000, 0x0000000800000000, 0x0000000800000000)
  eden space 225280K, 0% used [0x00000007d6c00000,0x00000007d6c00000,0x00000007e4800000)
  from space 225280K, 33% used [0x00000007e4800000,0x00000007e9260020,0x00000007f2400000)
  to   space 225280K, 0% used [0x00000007f2400000,0x00000007f2400000,0x0000000800000000)
 ParOldGen       total 1351680K, used 1286899K [0x0000000784400000, 0x00000007d6c00000, 0x00000007d6c00000)
  object space 1351680K, 95% used [0x0000000784400000,0x00000007d2cbcfb8,0x00000007d6c00000)
 PSPermGen       total 21504K, used 3988K [0x000000077f200000, 0x0000000780700000, 0x0000000784400000)
  object space 21504K, 18% used [0x000000077f200000,0x000000077f5e5370,0x0000000780700000)
GC Heap History (10 events):
Event: 1070.627 GC heap after
Heap after GC invocations=624 (full 181):
 PSYoungGen      total 438784K, used 153040K [0x00000007d6c00000, 0x0000000800000000, 0x0000000800000000)
  eden space 227840K, 0% used [0x00000007d6c00000,0x00000007d6c00000,0x00000007e4a80000)
  from space 210944K, 72% used [0x00000007e4a80000,0x00000007edff4040,0x00000007f1880000)
  to   space 223232K, 0% used [0x00000007f2600000,0x00000007f2600000,0x0000000800000000)
 ParOldGen       total 1351680K, used 1051139K [0x0000000784400000, 0x00000007d6c00000, 0x00000007d6c00000)
  object space 1351680K, 77% used [0x0000000784400000,0x00000007c4680f68,0x00000007d6c00000)
 PSPermGen       total 21504K, used 3988K [0x000000077f200000, 0x0000000780700000, 0x0000000784400000)
  object space 21504K, 18% used [0x000000077f200000,0x000000077f5e5370,0x0000000780700000)
}
Event: 1071.202 GC heap before
{Heap before GC invocations=625 (full 181):
 PSYoungGen      total 438784K, used 380880K [0x00000007d6c00000, 0x0000000800000000, 0x0000000800000000)
  eden space 227840K, 100% used [0x00000007d6c00000,0x00000007e4a80000,0x00000007e4a80000)
  from space 210944K, 72% used [0x00000007e4a80000,0x00000007edff4040,0x00000007f1880000)
  to   space 223232K, 0% used [0x00000007f2600000,0x00000007f2600000,0x0000000800000000)
 ParOldGen       total 1351680K, used 1051139K [0x0000000784400000, 0x00000007d6c00000, 0x00000007d6c00000)
  object space 1351680K, 77% used [0x0000000784400000,0x00000007c4680f68,0x00000007d6c00000)
 PSPermGen       total 21504K, used 3988K [0x000000077f200000, 0x0000000780700000, 0x0000000784400000)
  object space 21504K, 18% used [0x000000077f200000,0x000000077f5e5370,0x0000000780700000)
Event: 1071.395 GC heap after
Heap after GC invocations=625 (full 181):
 PSYoungGen      total 448512K, used 191904K [0x00000007d6c00000, 0x0000000800000000, 0x0000000800000000)
  eden space 225280K, 0% used [0x00000007d6c00000,0x00000007d6c00000,0x00000007e4800000)
  from space 223232K, 85% used [0x00000007f2600000,0x00000007fe168030,0x0000000800000000)
  to   space 225280K, 0% used [0x00000007e4800000,0x00000007e4800000,0x00000007f2400000)
 ParOldGen       total 1351680K, used 1051139K [0x0000000784400000, 0x00000007d6c00000, 0x00000007d6c00000)
  object space 1351680K, 77% used [0x0000000784400000,0x00000007c4680f68,0x00000007d6c00000)
 PSPermGen       total 21504K, used 3988K [0x000000077f200000, 0x0000000780700000, 0x0000000784400000)
  object space 21504K, 18% used [0x000000077f200000,0x000000077f5e5370,0x0000000780700000)
}
Event: 1072.190 GC heap before
{Heap before GC invocations=626 (full 181):
 PSYoungGen      total 448512K, used 417184K [0x00000007d6c00000, 0x0000000800000000, 0x0000000800000000)
  eden space 225280K, 100% used [0x00000007d6c00000,0x00000007e4800000,0x00000007e4800000)
  from space 223232K, 85% used [0x00000007f2600000,0x00000007fe168030,0x0000000800000000)
  to   space 225280K, 0% used [0x00000007e4800000,0x00000007e4800000,0x00000007f2400000)
 ParOldGen       total 1351680K, used 1051139K [0x0000000784400000, 0x00000007d6c00000, 0x00000007d6c00000)
  object space 1351680K, 77% used [0x0000000784400000,0x00000007c4680f68,0x00000007d6c00000)
 PSPermGen       total 21504K, used 3988K [0x000000077f200000, 0x0000000780700000, 0x0000000784400000)
  object space 21504K, 18% used [0x000000077f200000,0x000000077f5e5370,0x0000000780700000)
Event: 1072.425 GC heap after
Heap after GC invocations=626 (full 181):
 PSYoungGen      total 450560K, used 154304K [0x00000007d6c00000, 0x0000000800000000, 0x0000000800000000)
  eden space 225280K, 0% used [0x00000007d6c00000,0x00000007d6c00000,0x00000007e4800000)
  from space 225280K, 68% used [0x00000007e4800000,0x00000007edeb0020,0x00000007f2400000)
  to   space 225280K, 0% used [0x00000007f2400000,0x00000007f2400000,0x0000000800000000)
 ParOldGen       total 1351680K, used 1128763K [0x0000000784400000, 0x00000007d6c00000, 0x00000007d6c00000)
  object space 1351680K, 83% used [0x0000000784400000,0x00000007c924ef88,0x00000007d6c00000)
 PSPermGen       total 21504K, used 3988K [0x000000077f200000, 0x0000000780700000, 0x0000000784400000)
  object space 21504K, 18% used [0x000000077f200000,0x000000077f5e5370,0x0000000780700000)
}
Event: 1073.009 GC heap before
{Heap before GC invocations=627 (full 181):
 PSYoungGen      total 450560K, used 379584K [0x00000007d6c00000, 0x0000000800000000, 0x0000000800000000)
  eden space 225280K, 100% used [0x00000007d6c00000,0x00000007e4800000,0x00000007e4800000)
  from space 225280K, 68% used [0x00000007e4800000,0x00000007edeb0020,0x00000007f2400000)
  to   space 225280K, 0% used [0x00000007f2400000,0x00000007f2400000,0x0000000800000000)
 ParOldGen       total 1351680K, used 1128763K [0x0000000784400000, 0x00000007d6c00000, 0x00000007d6c00000)
  object space 1351680K, 83% used [0x0000000784400000,0x00000007c924ef88,0x00000007d6c00000)
 PSPermGen       total 21504K, used 3988K [0x000000077f200000, 0x0000000780700000, 0x0000000784400000)
  object space 21504K, 18% used [0x000000077f200000,0x000000077f5e5370,0x0000000780700000)
Event: 1073.227 GC heap after
Heap after GC invocations=627 (full 181):
 PSYoungGen      total 450560K, used 115472K [0x00000007d6c00000, 0x0000000800000000, 0x0000000800000000)
  eden space 225280K, 0% used [0x00000007d6c00000,0x00000007d6c00000,0x00000007e4800000)
  from space 225280K, 51% used [0x00000007f2400000,0x00000007f94c4040,0x0000000800000000)
  to   space 225280K, 0% used [0x00000007e4800000,0x00000007e4800000,0x00000007f2400000)
 ParOldGen       total 1351680K, used 1207707K [0x0000000784400000, 0x00000007d6c00000, 0x00000007d6c00000)
  object space 1351680K, 89% used [0x0000000784400000,0x00000007cdf66f98,0x00000007d6c00000)
 PSPermGen       total 21504K, used 3988K [0x000000077f200000, 0x0000000780700000, 0x0000000784400000)
  object space 21504K, 18% used [0x000000077f200000,0x000000077f5e5370,0x0000000780700000)
}
Event: 1073.806 GC heap before
{Heap before GC invocations=628 (full 181):
 PSYoungGen      total 450560K, used 340752K [0x00000007d6c00000, 0x0000000800000000, 0x0000000800000000)
  eden space 225280K, 100% used [0x00000007d6c00000,0x00000007e4800000,0x00000007e4800000)
  from space 225280K, 51% used [0x00000007f2400000,0x00000007f94c4040,0x0000000800000000)
  to   space 225280K, 0% used [0x00000007e4800000,0x00000007e4800000,0x00000007f2400000)
 ParOldGen       total 1351680K, used 1207707K [0x0000000784400000, 0x00000007d6c00000, 0x00000007d6c00000)
  object space 1351680K, 89% used [0x0000000784400000,0x00000007cdf66f98,0x00000007d6c00000)
 PSPermGen       total 21504K, used 3988K [0x000000077f200000, 0x0000000780700000, 0x0000000784400000)
  object space 21504K, 18% used [0x000000077f200000,0x000000077f5e5370,0x0000000780700000)
Event: 1073.999 GC heap after
Heap after GC invocations=628 (full 181):
 PSYoungGen      total 450560K, used 76160K [0x00000007d6c00000, 0x0000000800000000, 0x0000000800000000)
  eden space 225280K, 0% used [0x00000007d6c00000,0x00000007d6c00000,0x00000007e4800000)
  from space 225280K, 33% used [0x00000007e4800000,0x00000007e9260020,0x00000007f2400000)
  to   space 225280K, 0% used [0x00000007f2400000,0x00000007f2400000,0x0000000800000000)
 ParOldGen       total 1351680K, used 1286899K [0x0000000784400000, 0x00000007d6c00000, 0x00000007d6c00000)
  object space 1351680K, 95% used [0x0000000784400000,0x00000007d2cbcfb8,0x00000007d6c00000)
 PSPermGen       total 21504K, used 3988K [0x000000077f200000, 0x0000000780700000, 0x0000000784400000)
  object space 21504K, 18% used [0x000000077f200000,0x000000077f5e5370,0x0000000780700000)
}
Event: 1073.999 GC heap before
{Heap before GC invocations=629 (full 182):
 PSYoungGen      total 450560K, used 76160K [0x00000007d6c00000, 0x0000000800000000, 0x0000000800000000)
  eden space 225280K, 0% used [0x00000007d6c00000,0x00000007d6c00000,0x00000007e4800000)
  from space 225280K, 33% used [0x00000007e4800000,0x00000007e9260020,0x00000007f2400000)
  to   space 225280K, 0% used [0x00000007f2400000,0x00000007f2400000,0x0000000800000000)
 ParOldGen       total 1351680K, used 1286899K [0x0000000784400000, 0x00000007d6c00000, 0x00000007d6c00000)
  object space 1351680K, 95% used [0x0000000784400000,0x00000007d2cbcfb8,0x00000007d6c00000)
 PSPermGen       total 21504K, used 3988K [0x000000077f200000, 0x0000000780700000, 0x0000000784400000)
  object space 21504K, 18% used [0x000000077f200000,0x000000077f5e5370,0x0000000780700000)

