# JRE version: Java(TM) SE Runtime Environment (7.0_80-b15) (build 1.7.0_80-b15)
# Java VM: Java HotSpot(TM) 64-Bit Server VM (24.80-b11 mixed mode linux-amd64 compressed oops)
Heap
 PSYoungGen      total 450560K, used 115712K [0x00000007d6c00000, 0x0000000800000000, 0x0000000800000000)
  eden space 225280K, 0% used [0x00000007d6c00000,0x00000007d6c00000,0x00000007e4800000)
  from space 225280K, 51% used [0x00000007f2400000,0x00000007f9500020,0x0000000800000000)
  to   space 225280K, 0% used [0x00000007e4800000,0x00000007e4800000,0x00000007f2400000)
 ParOldGen       total 1351680K, used 1264187K [0x0000000784400000, 0x00000007d6c00000, 0x00000007d6c00000)
  object space 1351680K, 93% used [0x0000000784400000,0x00000007d168eca8,0x00000007d6c00000)
 PSPermGen       total 21504K, used 3989K [0x000000077f200000, 0x0000000780700000, 0x0000000784400000)
  object space 21504K, 18% used [0x000000077f200000,0x000000077f5e5748,0x0000000780700000)
GC Heap History (10 events):
Event: 2546.440 GC heap after
Heap after GC invocations=1231 (full 369):
 PSYoungGen      total 446464K, used 114368K [0x00000007d6c00000, 0x00000007fec00000, 0x0000000800000000)
  eden space 237056K, 0% used [0x00000007d6c00000,0x00000007d6c00000,0x00000007e5380000)
  from space 209408K, 54% used [0x00000007f1f00000,0x00000007f8eb0020,0x00000007feb80000)
  to   space 208384K, 0% used [0x00000007e5380000,0x00000007e5380000,0x00000007f1f00000)
 ParOldGen       total 1351680K, used 1105667K [0x0000000784400000, 0x00000007d6c00000, 0x00000007d6c00000)
  object space 1351680K, 81% used [0x0000000784400000,0x00000007c7bc0c88,0x00000007d6c00000)
 PSPermGen       total 21504K, used 3989K [0x000000077f200000, 0x0000000780700000, 0x0000000784400000)
  object space 21504K, 18% used [0x000000077f200000,0x000000077f5e5748,0x0000000780700000)
}
Event: 2547.285 GC heap before
{Heap before GC invocations=1232 (full 369):
 PSYoungGen      total 446464K, used 351424K [0x00000007d6c00000, 0x00000007fec00000, 0x0000000800000000)
  eden space 237056K, 100% used [0x00000007d6c00000,0x00000007e5380000,0x00000007e5380000)
  from space 209408K, 54% used [0x00000007f1f00000,0x00000007f8eb0020,0x00000007feb80000)
  to   space 208384K, 0% used [0x00000007e5380000,0x00000007e5380000,0x00000007f1f00000)
 ParOldGen       total 1351680K, used 1105667K [0x0000000784400000, 0x00000007d6c00000, 0x00000007d6c00000)
  object space 1351680K, 81% used [0x0000000784400000,0x00000007c7bc0c88,0x00000007d6c00000)
 PSPermGen       total 21504K, used 3989K [0x000000077f200000, 0x0000000780700000, 0x0000000784400000)
  object space 21504K, 18% used [0x000000077f200000,0x000000077f5e5748,0x0000000780700000)
Event: 2547.436 GC heap after
Heap after GC invocations=1232 (full 369):
 PSYoungGen      total 445440K, used 154656K [0x00000007d6c00000, 0x0000000800000000, 0x0000000800000000)
  eden space 237056K, 0% used [0x00000007d6c00000,0x00000007d6c00000,0x00000007e5380000)
  from space 208384K, 74% used [0x00000007e5380000,0x00000007eea88030,0x00000007f1f00000)
  to   space 221184K, 0% used [0x00000007f2800000,0x00000007f2800000,0x0000000800000000)
 ParOldGen       total 1351680K, used 1105667K [0x0000000784400000, 0x00000007d6c00000, 0x00000007d6c00000)
  object space 1351680K, 81% used [0x0000000784400000,0x00000007c7bc0c88,0x00000007d6c00000)
 PSPermGen       total 21504K, used 3989K [0x000000077f200000, 0x0000000780700000, 0x0000000784400000)
  object space 21504K, 18% used [0x000000077f200000,0x000000077f5e5748,0x0000000780700000)
}
Event: 2548.078 GC heap before
{Heap before GC invocations=1233 (full 369):
 PSYoungGen      total 445440K, used 391712K [0x00000007d6c00000, 0x0000000800000000, 0x0000000800000000)
  eden space 237056K, 100% used [0x00000007d6c00000,0x00000007e5380000,0x00000007e5380000)
  from space 208384K, 74% used [0x00000007e5380000,0x00000007eea88030,0x00000007f1f00000)
  to   space 221184K, 0% used [0x00000007f2800000,0x00000007f2800000,0x0000000800000000)
 ParOldGen       total 1351680K, used 1105667K [0x0000000784400000, 0x00000007d6c00000, 0x00000007d6c00000)
  object space 1351680K, 81% used [0x0000000784400000,0x00000007c7bc0c88,0x00000007d6c00000)
 PSPermGen       total 21504K, used 3989K [0x000000077f200000, 0x0000000780700000, 0x0000000784400000)
  object space 21504K, 18% used [0x000000077f200000,0x000000077f5e5748,0x0000000780700000)
Event: 2548.265 GC heap after
Heap after GC invocations=1233 (full 369):
 PSYoungGen      total 446464K, used 194688K [0x00000007d6c00000, 0x0000000800000000, 0x0000000800000000)
  eden space 225280K, 0% used [0x00000007d6c00000,0x00000007d6c00000,0x00000007e4800000)
  from space 221184K, 88% used [0x00000007f2800000,0x00000007fe620030,0x0000000800000000)
  to   space 225280K, 0% used [0x00000007e4800000,0x00000007e4800000,0x00000007f2400000)
 ParOldGen       total 1351680K, used 1105667K [0x0000000784400000, 0x00000007d6c00000, 0x00000007d6c00000)
  object space 1351680K, 81% used [0x0000000784400000,0x00000007c7bc0c88,0x00000007d6c00000)
 PSPermGen       total 21504K, used 3989K [0x000000077f200000, 0x0000000780700000, 0x0000000784400000)
  object space 21504K, 18% used [0x000000077f200000,0x000000077f5e5748,0x0000000780700000)
}
Event: 2548.839 GC heap before
{Heap before GC invocations=1234 (full 369):
 PSYoungGen      total 446464K, used 419968K [0x00000007d6c00000, 0x0000000800000000, 0x0000000800000000)
  eden space 225280K, 100% used [0x00000007d6c00000,0x00000007e4800000,0x00000007e4800000)
  from space 221184K, 88% used [0x00000007f2800000,0x00000007fe620030,0x0000000800000000)
  to   space 225280K, 0% used [0x00000007e4800000,0x00000007e4800000,0x00000007f2400000)
 ParOldGen       total 1351680K, used 1105667K [0x0000000784400000, 0x00000007d6c00000, 0x00000007d6c00000)
  object space 1351680K, 81% used [0x0000000784400000,0x00000007c7bc0c88,0x00000007d6c00000)
 PSPermGen       total 21504K, used 3989K [0x000000077f200000, 0x0000000780700000, 0x0000000784400000)
  object space 21504K, 18% used [0x000000077f200000,0x000000077f5e5748,0x0000000780700000)
Event: 2549.084 GC heap after
Heap after GC invocations=1234 (full 369):
 PSYoungGen      total 450560K, used 156288K [0x00000007d6c00000, 0x0000000800000000, 0x0000000800000000)
  eden space 225280K, 0% used [0x00000007d6c00000,0x00000007d6c00000,0x00000007e4800000)
  from space 225280K, 69% used [0x00000007e4800000,0x00000007ee0a0030,0x00000007f2400000)
  to   space 225280K, 0% used [0x00000007f2400000,0x00000007f2400000,0x0000000800000000)
 ParOldGen       total 1351680K, used 1183851K [0x0000000784400000, 0x00000007d6c00000, 0x00000007d6c00000)
  object space 1351680K, 87% used [0x0000000784400000,0x00000007cc81ac98,0x00000007d6c00000)
 PSPermGen       total 21504K, used 3989K [0x000000077f200000, 0x0000000780700000, 0x0000000784400000)
  object space 21504K, 18% used [0x000000077f200000,0x000000077f5e5748,0x0000000780700000)
}
Event: 2549.678 GC heap before
{Heap before GC invocations=1235 (full 369):
 PSYoungGen      total 450560K, used 381568K [0x00000007d6c00000, 0x0000000800000000, 0x0000000800000000)
  eden space 225280K, 100% used [0x00000007d6c00000,0x00000007e4800000,0x00000007e4800000)
  from space 225280K, 69% used [0x00000007e4800000,0x00000007ee0a0030,0x00000007f2400000)
  to   space 225280K, 0% used [0x00000007f2400000,0x00000007f2400000,0x0000000800000000)
 ParOldGen       total 1351680K, used 1183851K [0x0000000784400000, 0x00000007d6c00000, 0x00000007d6c00000)
  object space 1351680K, 87% used [0x0000000784400000,0x00000007cc81ac98,0x00000007d6c00000)
 PSPermGen       total 21504K, used 3989K [0x000000077f200000, 0x0000000780700000, 0x0000000784400000)
  object space 21504K, 18% used [0x000000077f200000,0x000000077f5e5748,0x0000000780700000)
Event: 2549.894 GC heap after
Heap after GC invocations=1235 (full 369):
 PSYoungGen      total 450560K, used 115712K [0x00000007d6c00000, 0x0000000800000000, 0x0000000800000000)
  eden space 225280K, 0% used [0x00000007d6c00000,0x00000007d6c00000,0x00000007e4800000)
  from space 225280K, 51% used [0x00000007f2400000,0x00000007f9500020,0x0000000800000000)
  to   space 225280K, 0% used [0x00000007e4800000,0x00000007e4800000,0x00000007f2400000)
 ParOldGen       total 1351680K, used 1264187K [0x0000000784400000, 0x00000007d6c00000, 0x00000007d6c00000)
  object space 1351680K, 93% used [0x0000000784400000,0x00000007d168eca8,0x00000007d6c00000)
 PSPermGen       total 21504K, used 3989K [0x000000077f200000, 0x0000000780700000, 0x0000000784400000)
  object space 21504K, 18% used [0x000000077f200000,0x000000077f5e5748,0x0000000780700000)
}
Event: 2549.894 GC heap before
{Heap before GC invocations=1236 (full 370):
 PSYoungGen      total 450560K, used 115712K [0x00000007d6c00000, 0x0000000800000000, 0x0000000800000000)
  eden space 225280K, 0% used [0x00000007d6c00000,0x00000007d6c00000,0x00000007e4800000)
  from space 225280K, 51% used [0x00000007f2400000,0x00000007f9500020,0x0000000800000000)
  to   space 225280K, 0% used [0x00000007e4800000,0x00000007e4800000,0x00000007f2400000)
 ParOldGen       total 1351680K, used 1264187K [0x0000000784400000, 0x00000007d6c00000, 0x00000007d6c00000)
  object space 1351680K, 93% used [0x0000000784400000,0x00000007d168eca8,0x00000007d6c00000)
 PSPermGen       total 21504K, used 3989K [0x000000077f200000, 0x0000000780700000, 0x0000000784400000)
  object space 21504K, 18% used [0x000000077f200000,0x000000077f5e5748,0x0000000780700000)

