# JRE version: Java(TM) SE Runtime Environment (7.0_72-b14) (build 1.7.0_72-b14)
# Java VM: Java HotSpot(TM) 64-Bit Server VM (24.72-b04 mixed mode linux-amd64 compressed oops)
Heap
 PSYoungGen      total 669184K, used 667774K [0x00000007d6c00000, 0x0000000800000000, 0x0000000800000000)
  eden space 662528K, 99% used [0x00000007d6c00000,0x00000007ff23ab28,0x00000007ff300000)
  from space 6656K, 90% used [0x00000007ff980000,0x00000007fff64d38,0x0000000800000000)
  to   space 6656K, 88% used [0x00000007ff300000,0x00000007ff8c5770,0x00000007ff980000)
 ParOldGen       total 850432K, used 747594K [0x0000000784400000, 0x00000007b8280000, 0x00000007d6c00000)
  object space 850432K, 87% used [0x0000000784400000,0x00000007b1e12a88,0x00000007b8280000)
 PSPermGen       total 29184K, used 16112K [0x000000077f200000, 0x0000000780e80000, 0x0000000784400000)
  object space 29184K, 55% used [0x000000077f200000,0x00000007801bc0f8,0x0000000780e80000)
GC Heap History (10 events):
Event: 138.388 GC heap after
Heap after GC invocations=235 (full 5):
 PSYoungGen      total 668160K, used 6057K [0x00000007d6c00000, 0x0000000800000000, 0x0000000800000000)
  eden space 661504K, 0% used [0x00000007d6c00000,0x00000007d6c00000,0x00000007ff200000)
  from space 6656K, 91% used [0x00000007ff880000,0x00000007ffe6a428,0x00000007fff00000)
  to   space 6656K, 0% used [0x00000007ff200000,0x00000007ff200000,0x00000007ff880000)
 ParOldGen       total 850432K, used 744849K [0x0000000784400000, 0x00000007b8280000, 0x00000007d6c00000)
  object space 850432K, 87% used [0x0000000784400000,0x00000007b1b64788,0x00000007b8280000)
 PSPermGen       total 29184K, used 16112K [0x000000077f200000, 0x0000000780e80000, 0x0000000784400000)
  object space 29184K, 55% used [0x000000077f200000,0x00000007801bc0f8,0x0000000780e80000)
}
Event: 138.796 GC heap before
{Heap before GC invocations=236 (full 5):
 PSYoungGen      total 668160K, used 667133K [0x00000007d6c00000, 0x0000000800000000, 0x0000000800000000)
  eden space 661504K, 99% used [0x00000007d6c00000,0x00000007ff195138,0x00000007ff200000)
  from space 6656K, 91% used [0x00000007ff880000,0x00000007ffe6a428,0x00000007fff00000)
  to   space 6656K, 0% used [0x00000007ff200000,0x00000007ff200000,0x00000007ff880000)
 ParOldGen       total 850432K, used 744849K [0x0000000784400000, 0x00000007b8280000, 0x00000007d6c00000)
  object space 850432K, 87% used [0x0000000784400000,0x00000007b1b64788,0x00000007b8280000)
 PSPermGen       total 29184K, used 16112K [0x000000077f200000, 0x0000000780e80000, 0x0000000784400000)
  object space 29184K, 55% used [0x000000077f200000,0x00000007801bc0f8,0x0000000780e80000)
Event: 138.846 GC heap after
Heap after GC invocations=236 (full 5):
 PSYoungGen      total 668160K, used 5995K [0x00000007d6c00000, 0x0000000800000000, 0x0000000800000000)
  eden space 661504K, 0% used [0x00000007d6c00000,0x00000007d6c00000,0x00000007ff200000)
  from space 6656K, 90% used [0x00000007ff200000,0x00000007ff7dae78,0x00000007ff880000)
  to   space 6656K, 0% used [0x00000007ff980000,0x00000007ff980000,0x0000000800000000)
 ParOldGen       total 850432K, used 745201K [0x0000000784400000, 0x00000007b8280000, 0x00000007d6c00000)
  object space 850432K, 87% used [0x0000000784400000,0x00000007b1bbc788,0x00000007b8280000)
 PSPermGen       total 29184K, used 16112K [0x000000077f200000, 0x0000000780e80000, 0x0000000784400000)
  object space 29184K, 55% used [0x000000077f200000,0x00000007801bc0f8,0x0000000780e80000)
}
Event: 139.434 GC heap before
{Heap before GC invocations=237 (full 5):
 PSYoungGen      total 668160K, used 666739K [0x00000007d6c00000, 0x0000000800000000, 0x0000000800000000)
  eden space 661504K, 99% used [0x00000007d6c00000,0x00000007ff142028,0x00000007ff200000)
  from space 6656K, 90% used [0x00000007ff200000,0x00000007ff7dae78,0x00000007ff880000)
  to   space 6656K, 0% used [0x00000007ff980000,0x00000007ff980000,0x0000000800000000)
 ParOldGen       total 850432K, used 745201K [0x0000000784400000, 0x00000007b8280000, 0x00000007d6c00000)
  object space 850432K, 87% used [0x0000000784400000,0x00000007b1bbc788,0x00000007b8280000)
 PSPermGen       total 29184K, used 16112K [0x000000077f200000, 0x0000000780e80000, 0x0000000784400000)
  object space 29184K, 55% used [0x000000077f200000,0x00000007801bc0f8,0x0000000780e80000)
Event: 139.479 GC heap after
Heap after GC invocations=237 (full 5):
 PSYoungGen      total 669184K, used 5998K [0x00000007d6c00000, 0x0000000800000000, 0x0000000800000000)
  eden space 662528K, 0% used [0x00000007d6c00000,0x00000007d6c00000,0x00000007ff300000)
  from space 6656K, 90% used [0x00000007ff980000,0x00000007fff5b8b8,0x0000000800000000)
  to   space 6656K, 0% used [0x00000007ff300000,0x00000007ff300000,0x00000007ff980000)
 ParOldGen       total 850432K, used 745545K [0x0000000784400000, 0x00000007b8280000, 0x00000007d6c00000)
  object space 850432K, 87% used [0x0000000784400000,0x00000007b1c12788,0x00000007b8280000)
 PSPermGen       total 29184K, used 16112K [0x000000077f200000, 0x0000000780e80000, 0x0000000784400000)
  object space 29184K, 55% used [0x000000077f200000,0x00000007801bc0f8,0x0000000780e80000)
}
Event: 139.920 GC heap before
{Heap before GC invocations=238 (full 5):
 PSYoungGen      total 669184K, used 668425K [0x00000007d6c00000, 0x0000000800000000, 0x0000000800000000)
  eden space 662528K, 99% used [0x00000007d6c00000,0x00000007ff2e6c88,0x00000007ff300000)
  from space 6656K, 90% used [0x00000007ff980000,0x00000007fff5b8b8,0x0000000800000000)
  to   space 6656K, 0% used [0x00000007ff300000,0x00000007ff300000,0x00000007ff980000)
 ParOldGen       total 850432K, used 745545K [0x0000000784400000, 0x00000007b8280000, 0x00000007d6c00000)
  object space 850432K, 87% used [0x0000000784400000,0x00000007b1c12788,0x00000007b8280000)
 PSPermGen       total 29184K, used 16112K [0x000000077f200000, 0x0000000780e80000, 0x0000000784400000)
  object space 29184K, 55% used [0x000000077f200000,0x00000007801bc0f8,0x0000000780e80000)
Event: 139.999 GC heap after
Heap after GC invocations=238 (full 5):
 PSYoungGen      total 669184K, used 6032K [0x00000007d6c00000, 0x0000000800000000, 0x0000000800000000)
  eden space 662528K, 0% used [0x00000007d6c00000,0x00000007d6c00000,0x00000007ff300000)
  from space 6656K, 90% used [0x00000007ff300000,0x00000007ff8e4300,0x00000007ff980000)
  to   space 6656K, 0% used [0x00000007ff980000,0x00000007ff980000,0x0000000800000000)
 ParOldGen       total 850432K, used 746906K [0x0000000784400000, 0x00000007b8280000, 0x00000007d6c00000)
  object space 850432K, 87% used [0x0000000784400000,0x00000007b1d66a88,0x00000007b8280000)
 PSPermGen       total 29184K, used 16112K [0x000000077f200000, 0x0000000780e80000, 0x0000000784400000)
  object space 29184K, 55% used [0x000000077f200000,0x00000007801bc0f8,0x0000000780e80000)
}
Event: 140.774 GC heap before
{Heap before GC invocations=239 (full 5):
 PSYoungGen      total 669184K, used 668139K [0x00000007d6c00000, 0x0000000800000000, 0x0000000800000000)
  eden space 662528K, 99% used [0x00000007d6c00000,0x00000007ff296c88,0x00000007ff300000)
  from space 6656K, 90% used [0x00000007ff300000,0x00000007ff8e4300,0x00000007ff980000)
  to   space 6656K, 0% used [0x00000007ff980000,0x00000007ff980000,0x0000000800000000)
 ParOldGen       total 850432K, used 746906K [0x0000000784400000, 0x00000007b8280000, 0x00000007d6c00000)
  object space 850432K, 87% used [0x0000000784400000,0x00000007b1d66a88,0x00000007b8280000)
 PSPermGen       total 29184K, used 16112K [0x000000077f200000, 0x0000000780e80000, 0x0000000784400000)
  object space 29184K, 55% used [0x000000077f200000,0x00000007801bc0f8,0x0000000780e80000)
Event: 140.892 GC heap after
Heap after GC invocations=239 (full 5):
 PSYoungGen      total 669184K, used 6035K [0x00000007d6c00000, 0x0000000800000000, 0x0000000800000000)
  eden space 662528K, 0% used [0x00000007d6c00000,0x00000007d6c00000,0x00000007ff300000)
  from space 6656K, 90% used [0x00000007ff980000,0x00000007fff64d38,0x0000000800000000)
  to   space 6656K, 0% used [0x00000007ff300000,0x00000007ff300000,0x00000007ff980000)
 ParOldGen       total 850432K, used 747258K [0x0000000784400000, 0x00000007b8280000, 0x00000007d6c00000)
  object space 850432K, 87% used [0x0000000784400000,0x00000007b1dbea88,0x00000007b8280000)
 PSPermGen       total 29184K, used 16112K [0x000000077f200000, 0x0000000780e80000, 0x0000000784400000)
  object space 29184K, 55% used [0x000000077f200000,0x00000007801bc0f8,0x0000000780e80000)
}
Event: 141.335 GC heap before
{Heap before GC invocations=240 (full 5):
 PSYoungGen      total 669184K, used 667774K [0x00000007d6c00000, 0x0000000800000000, 0x0000000800000000)
  eden space 662528K, 99% used [0x00000007d6c00000,0x00000007ff23ab28,0x00000007ff300000)
  from space 6656K, 90% used [0x00000007ff980000,0x00000007fff64d38,0x0000000800000000)
  to   space 6656K, 0% used [0x00000007ff300000,0x00000007ff300000,0x00000007ff980000)
 ParOldGen       total 850432K, used 747258K [0x0000000784400000, 0x00000007b8280000, 0x00000007d6c00000)
  object space 850432K, 87% used [0x0000000784400000,0x00000007b1dbea88,0x00000007b8280000)
 PSPermGen       total 29184K, used 16112K [0x000000077f200000, 0x0000000780e80000, 0x0000000784400000)
  object space 29184K, 55% used [0x000000077f200000,0x00000007801bc0f8,0x0000000780e80000)

