# JRE version: Java(TM) SE Runtime Environment (7.0_80-b15) (build 1.7.0_80-b15)
# Java VM: Java HotSpot(TM) 64-Bit Server VM (24.80-b11 mixed mode linux-amd64 compressed oops)
Heap
 PSYoungGen      total 450560K, used 225280K [0x00000007d6c00000, 0x0000000800000000, 0x0000000800000000)
  eden space 225280K, 100% used [0x00000007d6c00000,0x00000007e4800000,0x00000007e4800000)
  from space 225280K, 0% used [0x00000007f2400000,0x00000007f2400000,0x0000000800000000)
  to   space 225280K, 0% used [0x00000007e4800000,0x00000007e4800000,0x00000007f2400000)
 ParOldGen       total 1351680K, used 1351604K [0x0000000784400000, 0x00000007d6c00000, 0x00000007d6c00000)
  object space 1351680K, 99% used [0x0000000784400000,0x00000007d6bed0d8,0x00000007d6c00000)
 PSPermGen       total 21504K, used 3930K [0x000000077f200000, 0x0000000780700000, 0x0000000784400000)
  object space 21504K, 18% used [0x000000077f200000,0x000000077f5d6a20,0x0000000780700000)
GC Heap History (10 events):
Event: 382.576 GC heap after
Heap after GC invocations=333 (full 83):
 PSYoungGen      total 450560K, used 0K [0x00000007d6c00000, 0x0000000800000000, 0x0000000800000000)
  eden space 225280K, 0% used [0x00000007d6c00000,0x00000007d6c00000,0x00000007e4800000)
  from space 225280K, 0% used [0x00000007f2400000,0x00000007f2400000,0x0000000800000000)
  to   space 225280K, 0% used [0x00000007e4800000,0x00000007e4800000,0x00000007f2400000)
 ParOldGen       total 1351680K, used 1302024K [0x0000000784400000, 0x00000007d6c00000, 0x00000007d6c00000)
  object space 1351680K, 96% used [0x0000000784400000,0x00000007d3b82110,0x00000007d6c00000)
 PSPermGen       total 21504K, used 3930K [0x000000077f200000, 0x0000000780700000, 0x0000000784400000)
  object space 21504K, 18% used [0x000000077f200000,0x000000077f5d6a20,0x0000000780700000)
}
Event: 383.148 GC heap before
{Heap before GC invocations=334 (full 84):
 PSYoungGen      total 450560K, used 225280K [0x00000007d6c00000, 0x0000000800000000, 0x0000000800000000)
  eden space 225280K, 100% used [0x00000007d6c00000,0x00000007e4800000,0x00000007e4800000)
  from space 225280K, 0% used [0x00000007f2400000,0x00000007f2400000,0x0000000800000000)
  to   space 225280K, 0% used [0x00000007e4800000,0x00000007e4800000,0x00000007f2400000)
 ParOldGen       total 1351680K, used 1302024K [0x0000000784400000, 0x00000007d6c00000, 0x00000007d6c00000)
  object space 1351680K, 96% used [0x0000000784400000,0x00000007d3b82110,0x00000007d6c00000)
 PSPermGen       total 21504K, used 3930K [0x000000077f200000, 0x0000000780700000, 0x0000000784400000)
  object space 21504K, 18% used [0x000000077f200000,0x000000077f5d6a20,0x0000000780700000)
Event: 385.086 GC heap after
Heap after GC invocations=334 (full 84):
 PSYoungGen      total 450560K, used 0K [0x00000007d6c00000, 0x0000000800000000, 0x0000000800000000)
  eden space 225280K, 0% used [0x00000007d6c00000,0x00000007d6c00000,0x00000007e4800000)
  from space 225280K, 0% used [0x00000007f2400000,0x00000007f2400000,0x0000000800000000)
  to   space 225280K, 0% used [0x00000007e4800000,0x00000007e4800000,0x00000007f2400000)
 ParOldGen       total 1351680K, used 1339763K [0x0000000784400000, 0x00000007d6c00000, 0x00000007d6c00000)
  object space 1351680K, 99% used [0x0000000784400000,0x00000007d605cc40,0x00000007d6c00000)
 PSPermGen       total 21504K, used 3930K [0x000000077f200000, 0x0000000780700000, 0x0000000784400000)
  object space 21504K, 18% used [0x000000077f200000,0x000000077f5d6a20,0x0000000780700000)
}
Event: 385.635 GC heap before
{Heap before GC invocations=335 (full 85):
 PSYoungGen      total 450560K, used 225280K [0x00000007d6c00000, 0x0000000800000000, 0x0000000800000000)
  eden space 225280K, 100% used [0x00000007d6c00000,0x00000007e4800000,0x00000007e4800000)
  from space 225280K, 0% used [0x00000007f2400000,0x00000007f2400000,0x0000000800000000)
  to   space 225280K, 0% used [0x00000007e4800000,0x00000007e4800000,0x00000007f2400000)
 ParOldGen       total 1351680K, used 1339763K [0x0000000784400000, 0x00000007d6c00000, 0x00000007d6c00000)
  object space 1351680K, 99% used [0x0000000784400000,0x00000007d605cc40,0x00000007d6c00000)
 PSPermGen       total 21504K, used 3930K [0x000000077f200000, 0x0000000780700000, 0x0000000784400000)
  object space 21504K, 18% used [0x000000077f200000,0x000000077f5d6a20,0x0000000780700000)
Event: 388.563 GC heap after
Heap after GC invocations=335 (full 85):
 PSYoungGen      total 450560K, used 25622K [0x00000007d6c00000, 0x0000000800000000, 0x0000000800000000)
  eden space 225280K, 11% used [0x00000007d6c00000,0x00000007d8505960,0x00000007e4800000)
  from space 225280K, 0% used [0x00000007f2400000,0x00000007f2400000,0x0000000800000000)
  to   space 225280K, 0% used [0x00000007e4800000,0x00000007e4800000,0x00000007f2400000)
 ParOldGen       total 1351680K, used 1351604K [0x0000000784400000, 0x00000007d6c00000, 0x00000007d6c00000)
  object space 1351680K, 99% used [0x0000000784400000,0x00000007d6bed0e8,0x00000007d6c00000)
 PSPermGen       total 21504K, used 3930K [0x000000077f200000, 0x0000000780700000, 0x0000000784400000)
  object space 21504K, 18% used [0x000000077f200000,0x000000077f5d6a20,0x0000000780700000)
}
Event: 389.054 GC heap before
{Heap before GC invocations=336 (full 86):
 PSYoungGen      total 450560K, used 225280K [0x00000007d6c00000, 0x0000000800000000, 0x0000000800000000)
  eden space 225280K, 100% used [0x00000007d6c00000,0x00000007e4800000,0x00000007e4800000)
  from space 225280K, 0% used [0x00000007f2400000,0x00000007f2400000,0x0000000800000000)
  to   space 225280K, 0% used [0x00000007e4800000,0x00000007e4800000,0x00000007f2400000)
 ParOldGen       total 1351680K, used 1351604K [0x0000000784400000, 0x00000007d6c00000, 0x00000007d6c00000)
  object space 1351680K, 99% used [0x0000000784400000,0x00000007d6bed0e8,0x00000007d6c00000)
 PSPermGen       total 21504K, used 3930K [0x000000077f200000, 0x0000000780700000, 0x0000000784400000)
  object space 21504K, 18% used [0x000000077f200000,0x000000077f5d6a20,0x0000000780700000)
Event: 391.192 GC heap after
Heap after GC invocations=336 (full 86):
 PSYoungGen      total 450560K, used 58402K [0x00000007d6c00000, 0x0000000800000000, 0x0000000800000000)
  eden space 225280K, 25% used [0x00000007d6c00000,0x00000007da508ab8,0x00000007e4800000)
  from space 225280K, 0% used [0x00000007f2400000,0x00000007f2400000,0x0000000800000000)
  to   space 225280K, 0% used [0x00000007e4800000,0x00000007e4800000,0x00000007f2400000)
 ParOldGen       total 1351680K, used 1351604K [0x0000000784400000, 0x00000007d6c00000, 0x00000007d6c00000)
  object space 1351680K, 99% used [0x0000000784400000,0x00000007d6bed0d8,0x00000007d6c00000)
 PSPermGen       total 21504K, used 3930K [0x000000077f200000, 0x0000000780700000, 0x0000000784400000)
  object space 21504K, 18% used [0x000000077f200000,0x000000077f5d6a20,0x0000000780700000)
}
Event: 391.598 GC heap before
{Heap before GC invocations=337 (full 87):
 PSYoungGen      total 450560K, used 225280K [0x00000007d6c00000, 0x0000000800000000, 0x0000000800000000)
  eden space 225280K, 100% used [0x00000007d6c00000,0x00000007e4800000,0x00000007e4800000)
  from space 225280K, 0% used [0x00000007f2400000,0x00000007f2400000,0x0000000800000000)
  to   space 225280K, 0% used [0x00000007e4800000,0x00000007e4800000,0x00000007f2400000)
 ParOldGen       total 1351680K, used 1351604K [0x0000000784400000, 0x00000007d6c00000, 0x00000007d6c00000)
  object space 1351680K, 99% used [0x0000000784400000,0x00000007d6bed0d8,0x00000007d6c00000)
 PSPermGen       total 21504K, used 3930K [0x000000077f200000, 0x0000000780700000, 0x0000000784400000)
  object space 21504K, 18% used [0x000000077f200000,0x000000077f5d6a20,0x0000000780700000)
Event: 393.497 GC heap after
Heap after GC invocations=337 (full 87):
 PSYoungGen      total 450560K, used 86325K [0x00000007d6c00000, 0x0000000800000000, 0x0000000800000000)
  eden space 225280K, 38% used [0x00000007d6c00000,0x00000007dc04d780,0x00000007e4800000)
  from space 225280K, 0% used [0x00000007f2400000,0x00000007f2400000,0x0000000800000000)
  to   space 225280K, 0% used [0x00000007e4800000,0x00000007e4800000,0x00000007f2400000)
 ParOldGen       total 1351680K, used 1351604K [0x0000000784400000, 0x00000007d6c00000, 0x00000007d6c00000)
  object space 1351680K, 99% used [0x0000000784400000,0x00000007d6bed0d8,0x00000007d6c00000)
 PSPermGen       total 21504K, used 3930K [0x000000077f200000, 0x0000000780700000, 0x0000000784400000)
  object space 21504K, 18% used [0x000000077f200000,0x000000077f5d6a20,0x0000000780700000)
}
Event: 393.948 GC heap before
{Heap before GC invocations=338 (full 88):
 PSYoungGen      total 450560K, used 225280K [0x00000007d6c00000, 0x0000000800000000, 0x0000000800000000)
  eden space 225280K, 100% used [0x00000007d6c00000,0x00000007e4800000,0x00000007e4800000)
  from space 225280K, 0% used [0x00000007f2400000,0x00000007f2400000,0x0000000800000000)
  to   space 225280K, 0% used [0x00000007e4800000,0x00000007e4800000,0x00000007f2400000)
 ParOldGen       total 1351680K, used 1351604K [0x0000000784400000, 0x00000007d6c00000, 0x00000007d6c00000)
  object space 1351680K, 99% used [0x0000000784400000,0x00000007d6bed0d8,0x00000007d6c00000)
 PSPermGen       total 21504K, used 3930K [0x000000077f200000, 0x0000000780700000, 0x0000000784400000)
  object space 21504K, 18% used [0x000000077f200000,0x000000077f5d6a20,0x0000000780700000)

